<?xml version="1.0" encoding="UTF-8"?>
<testng-results ignored="0" total="1" passed="1" failed="0" skipped="0">
  <reporter-output>
  </reporter-output>
  <suite started-at="2026-09-07T15:16:45 IST" name="Suite" finished-at="2026-09-07T15:16:55 IST" duration-ms="9895">
    <groups>
    </groups>
    <test started-at="2026-09-07T15:16:45 IST" name="My Tests" finished-at="2026-09-07T15:16:55 IST" duration-ms="9895">
      <class name="com.veera.vara.Orange_Hrm">
        <test-method signature="login()[pri:0, instance:com.veera.vara.Orange_Hrm@38425407]" started-at="2026-09-07T15:16:45 IST" name="login" description="Verify login with valid username and password" finished-at="2026-09-07T15:16:55 IST" duration-ms="9866" status="PASS">
          <reporter-output>
          </reporter-output>
        </test-method> <!-- login -->
      </class> <!-- com.veera.vara.Orange_Hrm -->
    </test> <!-- My Tests -->
  </suite> <!-- Suite -->
</testng-results>
